<?xml version="1.0" encoding="UTF-8"?>
<testng-results ignored="0" total="1" passed="1" failed="0" skipped="0">
  <reporter-output>
  </reporter-output>
  <suite started-at="2018-02-15T18:49:51Z" name="HillelAutomation.AppTest" finished-at="2018-02-15T18:49:58Z" duration-ms="6907">
    <groups>
    </groups>
    <test started-at="2018-02-15T18:49:51Z" name="Command line test" finished-at="2018-02-15T18:49:58Z" duration-ms="6907">
      <class name="HillelAutomation.AppTest">
        <test-method signature="generateNumber()[pri:0, instance:HillelAutomation.AppTest@47d90b9e]" started-at="2018-02-15T20:49:51Z" name="generateNumber" finished-at="2018-02-15T20:49:58Z" duration-ms="6892" status="PASS">
          <reporter-output>
          </reporter-output>
        </test-method> <!-- generateNumber -->
      </class> <!-- HillelAutomation.AppTest -->
    </test> <!-- Command line test -->
  </suite> <!-- HillelAutomation.AppTest -->
</testng-results>
